<?xml version="1.0" encoding="UTF-8"?>
<!-- Generated by org.testng.reporters.JUnitReportReporter -->
<testsuite skipped="0" hostname="GUDU-PC" name="com.database.testing.DataBaseMySQL" tests="1" failures="0" timestamp="04 Jun 2021 14:45:41 GMT" time="0.105" errors="0">
  <testcase name="TestVerifyDB" time="0.105" classname="com.database.testing.DataBaseMySQL"/>
</testsuite> <!-- com.database.testing.DataBaseMySQL -->
