<?xml version="1.0" encoding="UTF-8"?>
<!-- Generated by org.testng.reporters.JUnitReportReporter -->
<testsuite skipped="0" hostname="GUDU-PC" name="com.database.testing.DemoDataBaseTesting" tests="1" failures="0" timestamp="05 Jun 2021 13:31:17 GMT" time="1.984" errors="0">
  <testcase name="TestVerifyDB" time="1.984" classname="com.database.testing.DemoDataBaseTesting"/>
</testsuite> <!-- com.database.testing.DemoDataBaseTesting -->
